<?xml version="1.0" encoding="UTF-8"?>
<!-- Generated by org.testng.reporters.JUnitXMLReporter -->
<testsuite ignored="0" hostname="LAPTOP-EKBQQJUS" failures="0" tests="4" name="Redmine_Test" time="30.7" errors="0" timestamp="2023-12-17T17:27:01 HNE">
  <testcase classname="testCases.TC_01_EnregistrerNouveauCompte" name="test_Enregistrer_NouveauCompte" time="2.32"/>
  <testcase classname="testCases.TC_02_ConnexionRedmine" name="ConnexionRedmine_Test" time="1.25"/>
  <testcase classname="testCases.TC_03_CreationNouveauProjet_Redmine" name="test_NouveauProjet" time="4.422"/>
  <testcase classname="testCases.TC_04_Modifier_ProjetRedmine" name="test_Modifier" time="4.654"/>
</testsuite> <!-- Redmine_Test -->
