<?xml version="1.0" encoding="UTF-8"?>
<!-- Generated by org.testng.reporters.JUnitXMLReporter -->
<testsuite ignored="0" hostname="LAPTOP-EKBQQJUS" failures="0" tests="5" name="Projet_RedmineTest" time="56.755" errors="0" timestamp="2023-12-18T12:23:21 HNE">
  <testcase classname="testCases.TC_03_CreationNouveauProjet_Redmine" name="test_NouveauProjet" time="4.434"/>
  <testcase classname="testCases.TC_01_EnregistrerNouveauCompte" name="test_Enregistrer_NouveauCompte" time="1.291"/>
  <testcase classname="testCases.TC_02_ConnexionRedmine" name="ConnexionRedmine_Test" time="0.76"/>
  <testcase classname="testCases.TC_04_Modifier_ProjetRedmine" name="test_Modifier" time="2.852"/>
  <testcase classname="testCases.TC_05_Copier_ProjetRedmine" name="test_Modifier" time="3.667"/>
</testsuite> <!-- Projet_RedmineTest -->
